<?xml version="1.0" encoding="UTF-8"?>
<!-- Generated by org.testng.reporters.JUnitReportReporter -->
<testsuite skipped="0" hostname="DESKTOP-2SLJG27" name="seleniumWebControl.CountLinkInPage" tests="1" failures="0" timestamp="2020-01-28T21:28:25 IST" time="141.457" errors="0">
  <testcase name="test" time="141.457" classname="seleniumWebControl.CountLinkInPage"/>
  <system-out/>
</testsuite> <!-- seleniumWebControl.CountLinkInPage -->
