<?xml version="1.0" encoding="UTF-8"?>
<!-- Generated by org.testng.reporters.JUnitReportReporter -->
<testsuite skipped="0" hostname="DESKTOP-2SLJG27" name="databaseConnection.DataBaseNew" tests="1" failures="0" timestamp="2020-01-29T14:04:06 IST" time="11.912" errors="0">
  <testcase name="test" time="11.912" classname="databaseConnection.DataBaseNew"/>
  <system-out/>
</testsuite> <!-- databaseConnection.DataBaseNew -->
