<?xml version="1.0" encoding="UTF-8"?>
<!-- Generated by org.testng.reporters.JUnitReportReporter -->
<testsuite skipped="0" hostname="DESKTOP-2SLJG27" name="seleniumWebControl.TableSortingIdea" tests="1" failures="0" timestamp="2020-01-29T08:28:22 IST" time="1.003" errors="0">
  <testcase name="test" time="1.003" classname="seleniumWebControl.TableSortingIdea"/>
  <system-out/>
</testsuite> <!-- seleniumWebControl.TableSortingIdea -->
