<?xml version="1.0" encoding="UTF-8"?>
<!-- Generated by org.testng.reporters.JUnitReportReporter -->
<testsuite skipped="0" hostname="DESKTOP-2SLJG27" name="seleniumWebControl.HandlingMultipleWindow" tests="1" failures="0" timestamp="2020-01-28T21:28:25 IST" time="6.278" errors="0">
  <testcase name="test" time="6.278" classname="seleniumWebControl.HandlingMultipleWindow"/>
  <system-out/>
</testsuite> <!-- seleniumWebControl.HandlingMultipleWindow -->
