<?xml version="1.0" encoding="UTF-8"?>
<!-- Generated by org.testng.reporters.JUnitReportReporter -->
<testsuite skipped="0" hostname="DESKTOP-2SLJG27" name="NewTest" tests="2" failures="0" timestamp="2020-01-28T15:07:50 IST" time="0.004" errors="0">
  <testcase name="f" time="0.001" classname="NewTest"/>
  <system-out/>
  <testcase name="f" time="0.003" classname="NewTest"/>
  <system-out/>
</testsuite> <!-- NewTest -->
