<?xml version="1.0" encoding="UTF-8"?>
<!-- Generated by org.testng.reporters.JUnitReportReporter -->
<testsuite skipped="0" hostname="DESKTOP-2SLJG27" name="seleniumWebControl.LinkPAgeAssigment" tests="1" failures="0" timestamp="2020-01-29T10:33:12 IST" time="8.297" errors="0">
  <testcase name="test" time="8.297" classname="seleniumWebControl.LinkPAgeAssigment"/>
  <system-out/>
</testsuite> <!-- seleniumWebControl.LinkPAgeAssigment -->
