<?xml version="1.0" encoding="UTF-8"?>
<!-- Generated by org.testng.reporters.JUnitReportReporter -->
<testsuite skipped="0" hostname="DESKTOP-2SLJG27" name="seleniumWebControl.FrameAssingment" tests="1" failures="0" timestamp="2020-01-28T21:28:25 IST" time="11.404" errors="0">
  <testcase name="test" time="11.404" classname="seleniumWebControl.FrameAssingment"/>
  <system-out/>
</testsuite> <!-- seleniumWebControl.FrameAssingment -->
